c:\users\marcus\source\repos\explib3\explib3\x64\release\explib3.pch
c:\users\marcus\source\repos\explib3\explib3\x64\release\vc141.pdb
c:\users\marcus\source\repos\explib3\explib3\x64\release\stdafx.obj
c:\users\marcus\source\repos\explib3\explib3\x64\release\mutate.obj
c:\users\marcus\source\repos\explib3\explib3\x64\release\helperfuncs.obj
c:\users\marcus\source\repos\explib3\explib3\x64\release\explib3.obj
c:\users\marcus\source\repos\explib3\explib3\x64\release\dllmain.obj
c:\users\marcus\source\repos\explib3\x64\release\explib3.lib
c:\users\marcus\source\repos\explib3\x64\release\explib3.exp
c:\users\marcus\source\repos\explib3\x64\release\explib3.ipdb
c:\users\marcus\source\repos\explib3\x64\release\explib3.iobj
c:\users\marcus\source\repos\explib3\x64\release\explib3.dll
c:\users\marcus\source\repos\explib3\x64\release\explib3.pdb
c:\users\marcus\source\repos\explib3\explib3\x64\release\explib3.tlog\cl.command.1.tlog
c:\users\marcus\source\repos\explib3\explib3\x64\release\explib3.tlog\cl.read.1.tlog
c:\users\marcus\source\repos\explib3\explib3\x64\release\explib3.tlog\cl.write.1.tlog
c:\users\marcus\source\repos\explib3\explib3\x64\release\explib3.tlog\explib3.write.1u.tlog
c:\users\marcus\source\repos\explib3\explib3\x64\release\explib3.tlog\link.command.1.tlog
c:\users\marcus\source\repos\explib3\explib3\x64\release\explib3.tlog\link.read.1.tlog
c:\users\marcus\source\repos\explib3\explib3\x64\release\explib3.tlog\link.write.1.tlog
